<?xml version="1.0" encoding="UTF-8"?>
<testsuite xmlns:xsi="http://www.w3.org/2001/XMLSchema-instance" xsi:noNamespaceSchemaLocation="https://maven.apache.org/surefire/maven-surefire-plugin/xsd/surefire-test-report-3.0.xsd" version="3.0" name="com.example.servingwebcontent.ServingWebContentApplicationTests" time="3.177" tests="1" errors="0" skipped="0" failures="0">
  <properties>
[...]
</properties>
  <testcase name="contextLoads" classname="com.example.servingwebcontent.ServingWebContentApplicationTests" time="0.952">
    <system-out><![CDATA[18:34:14.601 [main] INFO org.springframework.test.context.support.AnnotationConfigContextLoaderUtils -- Could not detect default configuration classes for test class [com.example.servingwebcontent.ServingWebContentApplicationTests]: ServingWebContentApplicationTests does not declare any static, non-private, non-final, nested classes annotated with @Configuration.
18:34:14.722 [main] INFO org.springframework.boot.test.context.SpringBootTestContextBootstrapper -- Found @SpringBootConfiguration com.example.servingwebcontent.ServingWebContentApplication for test class com.example.servingwebcontent.ServingWebContentApplicationTests

  .   ____          _            __ _ _
 /\\ / ___'_ __ _ _(_)_ __  __ _ \ \ \ \
( ( )\___ | '_ | '_| | '_ \/ _` | \ \ \ \
 \\/  ___)| |_)| | | | | || (_| |  ) ) ) )
  '  |____| .__|_| |_|_| |_\__, | / / / /
 =========|_|==============|___/=/_/_/_/
 :: Spring Boot ::                (v3.1.0)

2023-09-14T18:34:15.297-05:00  INFO 12036 --- [           main] c.e.s.ServingWebContentApplicationTests  : Starting ServingWebContentApplicationTests using Java 17.0.6 with PID 12036 (started by sergio.lopez-v in C:\Users\sergio.lopez-v\Documents\lab5\gs-serving-web-content\initial)
2023-09-14T18:34:15.299-05:00  INFO 12036 --- [           main] c.e.s.ServingWebContentApplicationTests  : No active profile set, falling back to 1 default profile: "default"
2023-09-14T18:34:16.441-05:00  INFO 12036 --- [           main] o.s.b.a.w.s.WelcomePageHandlerMapping    : Adding welcome page: class path resource [static/index.html]
2023-09-14T18:34:16.622-05:00  INFO 12036 --- [           main] c.e.s.ServingWebContentApplicationTests  : Started ServingWebContentApplicationTests in 1.678 seconds (process running for 2.791)
]]></system-out>
  </testcase>
</testsuite>